{
  "0 debug pnpm:scope": {
    "selected": 1
  },
  "1 error pnpm": {
    "errno": 1,
    "code": "ELIFECYCLE",
    "pkgid": "sdp@",
    "stage": "dev",
    "script": "pnpm flow dev --port 4293",
    "pkgname": "sdp",
    "err": {
      "name": "pnpm",
      "message": "sdp@ dev: `pnpm flow dev --port 4293`\nExit status 1",
      "code": "ELIFECYCLE",
      "stack": "pnpm: sdp@ dev: `pnpm flow dev --port 4293`\nExit status 1\n    at EventEmitter.<anonymous> (/home/andres/.nvm/versions/node/v16.13.1/lib/node_modules/pnpm/dist/pnpm.cjs:108610:20)\n    at EventEmitter.emit (node:events:390:28)\n    at ChildProcess.<anonymous> (/home/andres/.nvm/versions/node/v16.13.1/lib/node_modules/pnpm/dist/pnpm.cjs:95176:18)\n    at ChildProcess.emit (node:events:390:28)\n    at maybeClose (node:internal/child_process:1064:16)\n    at Process.ChildProcess._handle.onexit (node:internal/child_process:301:5)"
    }
  },
  "2 warn pnpm:global": " Local package.json exists, but node_modules missing, did you mean to install?"
}